Compiling the C compiler identification source file "CMakeCCompilerId.c" failed.
Compiler:  
Build flags: 
Id flags:  

The output was:
1
Microsoft (R)-Buildmodul, Version 15.4.8.50001 fr .NET Framework
Copyright (C) Microsoft Corporation. Alle Rechte vorbehalten.

Der Buildvorgang wurde am 31.10.2017 12:48:18 gestartet.
Projekt "C:\Users\Game on\GPU-Computing\assignment 1\Assignment1.build\CMakeFiles\3.9.4\CompilerIdC\CompilerIdC.vcxproj" auf Knoten "1" (Standardziele).
PrepareForBuild:
  Das Verzeichnis "Debug\" wird erstellt.
  Das Verzeichnis "Debug\CompilerIdC.tlog\" wird erstellt.
InitializeBuildStatus:
  "Debug\CompilerIdC.tlog\unsuccessfulbuild" wird erstellt, da "AlwaysCreate" angegeben wurde.
ClCompile:
  C:\Program Files (x86)\Microsoft Visual Studio\2017\Enterprise\VC\Tools\MSVC\14.11.25503\bin\HostX86\x86\CL.exe /c /nologo /W0 /WX- /diagnostics:classic /Od /Oy- /D _MBCS /Gm- /EHsc /RTC1 /MDd /GS /fp:precise /Zc:wchar_t /Zc:forScope /Zc:inline /Fo"Debug\\" /Fd"Debug\vc141.pdb" /Gd /TC /analyze- /errorReport:queue CMakeCCompilerId.c
  CMakeCCompilerId.c
Link:
  C:\Program Files (x86)\Microsoft Visual Studio\2017\Enterprise\VC\Tools\MSVC\14.11.25503\bin\HostX86\x86\link.exe /ERRORREPORT:QUEUE /OUT:".\CompilerIdC.exe" /INCREMENTAL:NO /NOLOGO kernel32.lib user32.lib gdi32.lib winspool.lib comdlg32.lib advapi32.lib shell32.lib ole32.lib oleaut32.lib uuid.lib odbc32.lib odbccp32.lib /MANIFEST /MANIFESTUAC:"level='asInvoker' uiAccess='false'" /manifest:embed /PDB:".\CompilerIdC.pdb" /SUBSYSTEM:CONSOLE /TLBID:1 /DYNAMICBASE /NXCOMPAT /IMPLIB:".\CompilerIdC.lib" /MACHINE:X86 /SAFESEH Debug\CMakeCCompilerId.obj
LINK : fatal error LNK1181: Eingabedatei "gdi32.lib" kann nicht geöffnet werden. [C:\Users\Game on\GPU-Computing\assignment 1\Assignment1.build\CMakeFiles\3.9.4\CompilerIdC\CompilerIdC.vcxproj]
Die Erstellung des Projekts "C:\Users\Game on\GPU-Computing\assignment 1\Assignment1.build\CMakeFiles\3.9.4\CompilerIdC\CompilerIdC.vcxproj" ist abgeschlossen (Standardziele) -- FEHLER.

Fehler beim Buildvorgang.

"C:\Users\Game on\GPU-Computing\assignment 1\Assignment1.build\CMakeFiles\3.9.4\CompilerIdC\CompilerIdC.vcxproj" (Standardziel) (1) ->
(Link Ziel) -> 
  LINK : fatal error LNK1181: Eingabedatei "gdi32.lib" kann nicht geöffnet werden. [C:\Users\Game on\GPU-Computing\assignment 1\Assignment1.build\CMakeFiles\3.9.4\CompilerIdC\CompilerIdC.vcxproj]

    0 Warnung(en)
    1 Fehler

Verstrichene Zeit 00:00:00.94


Compiling the C compiler identification source file "CMakeCCompilerId.c" failed.
Compiler:  
Build flags: 
Id flags:  

The output was:
1
Microsoft (R)-Buildmodul, Version 15.4.8.50001 fr .NET Framework
Copyright (C) Microsoft Corporation. Alle Rechte vorbehalten.

Der Buildvorgang wurde am 31.10.2017 12:48:19 gestartet.
Projekt "C:\Users\Game on\GPU-Computing\assignment 1\Assignment1.build\CMakeFiles\3.9.4\CompilerIdC\CompilerIdC.vcxproj" auf Knoten "1" (Standardziele).
PrepareForBuild:
  Das Verzeichnis "Debug\" wird erstellt.
  Das Verzeichnis "Debug\CompilerIdC.tlog\" wird erstellt.
InitializeBuildStatus:
  "Debug\CompilerIdC.tlog\unsuccessfulbuild" wird erstellt, da "AlwaysCreate" angegeben wurde.
ClCompile:
  C:\Program Files (x86)\Microsoft Visual Studio\2017\Enterprise\VC\Tools\MSVC\14.11.25503\bin\HostX86\x86\CL.exe /c /nologo /W0 /WX- /diagnostics:classic /Od /Oy- /D _MBCS /Gm- /EHsc /RTC1 /MDd /GS /fp:precise /Zc:wchar_t /Zc:forScope /Zc:inline /Fo"Debug\\" /Fd"Debug\vc141.pdb" /Gd /TC /analyze- /errorReport:queue CMakeCCompilerId.c
  CMakeCCompilerId.c
Link:
  C:\Program Files (x86)\Microsoft Visual Studio\2017\Enterprise\VC\Tools\MSVC\14.11.25503\bin\HostX86\x86\link.exe /ERRORREPORT:QUEUE /OUT:".\CompilerIdC.exe" /INCREMENTAL:NO /NOLOGO kernel32.lib user32.lib gdi32.lib winspool.lib comdlg32.lib advapi32.lib shell32.lib ole32.lib oleaut32.lib uuid.lib odbc32.lib odbccp32.lib /MANIFEST /MANIFESTUAC:"level='asInvoker' uiAccess='false'" /manifest:embed /PDB:".\CompilerIdC.pdb" /SUBSYSTEM:CONSOLE /TLBID:1 /DYNAMICBASE /NXCOMPAT /IMPLIB:".\CompilerIdC.lib" /MACHINE:X86 /SAFESEH Debug\CMakeCCompilerId.obj
LINK : fatal error LNK1181: Eingabedatei "gdi32.lib" kann nicht geöffnet werden. [C:\Users\Game on\GPU-Computing\assignment 1\Assignment1.build\CMakeFiles\3.9.4\CompilerIdC\CompilerIdC.vcxproj]
Die Erstellung des Projekts "C:\Users\Game on\GPU-Computing\assignment 1\Assignment1.build\CMakeFiles\3.9.4\CompilerIdC\CompilerIdC.vcxproj" ist abgeschlossen (Standardziele) -- FEHLER.

Fehler beim Buildvorgang.

"C:\Users\Game on\GPU-Computing\assignment 1\Assignment1.build\CMakeFiles\3.9.4\CompilerIdC\CompilerIdC.vcxproj" (Standardziel) (1) ->
(Link Ziel) -> 
  LINK : fatal error LNK1181: Eingabedatei "gdi32.lib" kann nicht geöffnet werden. [C:\Users\Game on\GPU-Computing\assignment 1\Assignment1.build\CMakeFiles\3.9.4\CompilerIdC\CompilerIdC.vcxproj]

    0 Warnung(en)
    1 Fehler

Verstrichene Zeit 00:00:00.93


Compiling the CXX compiler identification source file "CMakeCXXCompilerId.cpp" failed.
Compiler:  
Build flags: 
Id flags:  

The output was:
1
Microsoft (R)-Buildmodul, Version 15.4.8.50001 fr .NET Framework
Copyright (C) Microsoft Corporation. Alle Rechte vorbehalten.

Der Buildvorgang wurde am 31.10.2017 12:48:20 gestartet.
Projekt "C:\Users\Game on\GPU-Computing\assignment 1\Assignment1.build\CMakeFiles\3.9.4\CompilerIdCXX\CompilerIdCXX.vcxproj" auf Knoten "1" (Standardziele).
PrepareForBuild:
  Das Verzeichnis "Debug\" wird erstellt.
  Das Verzeichnis "Debug\CompilerIdCXX.tlog\" wird erstellt.
InitializeBuildStatus:
  "Debug\CompilerIdCXX.tlog\unsuccessfulbuild" wird erstellt, da "AlwaysCreate" angegeben wurde.
ClCompile:
  C:\Program Files (x86)\Microsoft Visual Studio\2017\Enterprise\VC\Tools\MSVC\14.11.25503\bin\HostX86\x86\CL.exe /c /nologo /W0 /WX- /diagnostics:classic /Od /Oy- /D _MBCS /Gm- /EHsc /RTC1 /MDd /GS /fp:precise /Zc:wchar_t /Zc:forScope /Zc:inline /Fo"Debug\\" /Fd"Debug\vc141.pdb" /Gd /TP /analyze- /errorReport:queue CMakeCXXCompilerId.cpp
  CMakeCXXCompilerId.cpp
Link:
  C:\Program Files (x86)\Microsoft Visual Studio\2017\Enterprise\VC\Tools\MSVC\14.11.25503\bin\HostX86\x86\link.exe /ERRORREPORT:QUEUE /OUT:".\CompilerIdCXX.exe" /INCREMENTAL:NO /NOLOGO kernel32.lib user32.lib gdi32.lib winspool.lib comdlg32.lib advapi32.lib shell32.lib ole32.lib oleaut32.lib uuid.lib odbc32.lib odbccp32.lib /MANIFEST /MANIFESTUAC:"level='asInvoker' uiAccess='false'" /manifest:embed /PDB:".\CompilerIdCXX.pdb" /SUBSYSTEM:CONSOLE /TLBID:1 /DYNAMICBASE /NXCOMPAT /IMPLIB:".\CompilerIdCXX.lib" /MACHINE:X86 /SAFESEH Debug\CMakeCXXCompilerId.obj
LINK : fatal error LNK1181: Eingabedatei "gdi32.lib" kann nicht geöffnet werden. [C:\Users\Game on\GPU-Computing\assignment 1\Assignment1.build\CMakeFiles\3.9.4\CompilerIdCXX\CompilerIdCXX.vcxproj]
Die Erstellung des Projekts "C:\Users\Game on\GPU-Computing\assignment 1\Assignment1.build\CMakeFiles\3.9.4\CompilerIdCXX\CompilerIdCXX.vcxproj" ist abgeschlossen (Standardziele) -- FEHLER.

Fehler beim Buildvorgang.

"C:\Users\Game on\GPU-Computing\assignment 1\Assignment1.build\CMakeFiles\3.9.4\CompilerIdCXX\CompilerIdCXX.vcxproj" (Standardziel) (1) ->
(Link Ziel) -> 
  LINK : fatal error LNK1181: Eingabedatei "gdi32.lib" kann nicht geöffnet werden. [C:\Users\Game on\GPU-Computing\assignment 1\Assignment1.build\CMakeFiles\3.9.4\CompilerIdCXX\CompilerIdCXX.vcxproj]

    0 Warnung(en)
    1 Fehler

Verstrichene Zeit 00:00:00.96


Compiling the CXX compiler identification source file "CMakeCXXCompilerId.cpp" failed.
Compiler:  
Build flags: 
Id flags:  

The output was:
1
Microsoft (R)-Buildmodul, Version 15.4.8.50001 fr .NET Framework
Copyright (C) Microsoft Corporation. Alle Rechte vorbehalten.

Der Buildvorgang wurde am 31.10.2017 12:48:22 gestartet.
Projekt "C:\Users\Game on\GPU-Computing\assignment 1\Assignment1.build\CMakeFiles\3.9.4\CompilerIdCXX\CompilerIdCXX.vcxproj" auf Knoten "1" (Standardziele).
PrepareForBuild:
  Das Verzeichnis "Debug\" wird erstellt.
  Das Verzeichnis "Debug\CompilerIdCXX.tlog\" wird erstellt.
InitializeBuildStatus:
  "Debug\CompilerIdCXX.tlog\unsuccessfulbuild" wird erstellt, da "AlwaysCreate" angegeben wurde.
ClCompile:
  C:\Program Files (x86)\Microsoft Visual Studio\2017\Enterprise\VC\Tools\MSVC\14.11.25503\bin\HostX86\x86\CL.exe /c /nologo /W0 /WX- /diagnostics:classic /Od /Oy- /D _MBCS /Gm- /EHsc /RTC1 /MDd /GS /fp:precise /Zc:wchar_t /Zc:forScope /Zc:inline /Fo"Debug\\" /Fd"Debug\vc141.pdb" /Gd /TP /analyze- /errorReport:queue CMakeCXXCompilerId.cpp
  CMakeCXXCompilerId.cpp
Link:
  C:\Program Files (x86)\Microsoft Visual Studio\2017\Enterprise\VC\Tools\MSVC\14.11.25503\bin\HostX86\x86\link.exe /ERRORREPORT:QUEUE /OUT:".\CompilerIdCXX.exe" /INCREMENTAL:NO /NOLOGO kernel32.lib user32.lib gdi32.lib winspool.lib comdlg32.lib advapi32.lib shell32.lib ole32.lib oleaut32.lib uuid.lib odbc32.lib odbccp32.lib /MANIFEST /MANIFESTUAC:"level='asInvoker' uiAccess='false'" /manifest:embed /PDB:".\CompilerIdCXX.pdb" /SUBSYSTEM:CONSOLE /TLBID:1 /DYNAMICBASE /NXCOMPAT /IMPLIB:".\CompilerIdCXX.lib" /MACHINE:X86 /SAFESEH Debug\CMakeCXXCompilerId.obj
LINK : fatal error LNK1181: Eingabedatei "gdi32.lib" kann nicht geöffnet werden. [C:\Users\Game on\GPU-Computing\assignment 1\Assignment1.build\CMakeFiles\3.9.4\CompilerIdCXX\CompilerIdCXX.vcxproj]
Die Erstellung des Projekts "C:\Users\Game on\GPU-Computing\assignment 1\Assignment1.build\CMakeFiles\3.9.4\CompilerIdCXX\CompilerIdCXX.vcxproj" ist abgeschlossen (Standardziele) -- FEHLER.

Fehler beim Buildvorgang.

"C:\Users\Game on\GPU-Computing\assignment 1\Assignment1.build\CMakeFiles\3.9.4\CompilerIdCXX\CompilerIdCXX.vcxproj" (Standardziel) (1) ->
(Link Ziel) -> 
  LINK : fatal error LNK1181: Eingabedatei "gdi32.lib" kann nicht geöffnet werden. [C:\Users\Game on\GPU-Computing\assignment 1\Assignment1.build\CMakeFiles\3.9.4\CompilerIdCXX\CompilerIdCXX.vcxproj]

    0 Warnung(en)
    1 Fehler

Verstrichene Zeit 00:00:00.98


